2021-11-23 07:26:50,058 INFO o.a.j.u.JMeterUtils: Setting Locale to en_EN
2021-11-23 07:26:50,074 INFO o.a.j.JMeter: Loading user properties from: C:\Users\pig_j\apache-jmeter-5.4.1\bin\user.properties
2021-11-23 07:26:50,075 INFO o.a.j.JMeter: Loading system properties from: C:\Users\pig_j\apache-jmeter-5.4.1\bin\system.properties
2021-11-23 07:26:50,080 INFO o.a.j.JMeter: Copyright (c) 1998-2021 The Apache Software Foundation
2021-11-23 07:26:50,080 INFO o.a.j.JMeter: Version 5.4.1
2021-11-23 07:26:50,080 INFO o.a.j.JMeter: java.version=16
2021-11-23 07:26:50,080 INFO o.a.j.JMeter: java.vm.name=Java HotSpot(TM) 64-Bit Server VM
2021-11-23 07:26:50,080 INFO o.a.j.JMeter: os.name=Windows 10
2021-11-23 07:26:50,080 INFO o.a.j.JMeter: os.arch=amd64
2021-11-23 07:26:50,080 INFO o.a.j.JMeter: os.version=10.0
2021-11-23 07:26:50,080 INFO o.a.j.JMeter: file.encoding=Cp1252
2021-11-23 07:26:50,080 INFO o.a.j.JMeter: java.awt.headless=true
2021-11-23 07:26:50,081 INFO o.a.j.JMeter: Max memory     =1073741824
2021-11-23 07:26:50,081 INFO o.a.j.JMeter: Available Processors =12
2021-11-23 07:26:50,087 INFO o.a.j.JMeter: Default Locale=English (EN)
2021-11-23 07:26:50,088 INFO o.a.j.JMeter: JMeter  Locale=English (EN)
2021-11-23 07:26:50,088 INFO o.a.j.JMeter: JMeterHome=C:\Users\pig_j\apache-jmeter-5.4.1
2021-11-23 07:26:50,088 INFO o.a.j.JMeter: user.dir  =C:\Users\pig_j\OneDrive\Documents\GitHub\ict3102-Team17-2021\flask_app\env
2021-11-23 07:26:50,088 INFO o.a.j.JMeter: PWD       =C:\Users\pig_j\OneDrive\Documents\GitHub\ict3102-Team17-2021\flask_app\env
2021-11-23 07:26:54,768 INFO o.a.j.JMeter: IP: 192.168.56.1 Name: DESKTOP-6LFRH1Q FullName: DESKTOP-6LFRH1Q
2021-11-23 07:26:54,770 INFO o.a.j.JMeter: Setting property 'jmeter.reportgenerator.outputdir' to:'C:\Users\pig_j\OneDrive\Documents\GitHub\ict3102-Team17-2021\flask_app\env\report-folder-local'
2021-11-23 07:26:54,772 INFO o.a.j.s.FileServer: Default base='C:\Users\pig_j\OneDrive\Documents\GitHub\ict3102-Team17-2021\flask_app\env'
2021-11-23 07:26:54,773 INFO o.a.j.s.FileServer: Set new base='C:\Users\pig_j\OneDrive\Documents\GitHub\ict3102-Team17-2021\flask_app\env'
2021-11-23 07:26:54,878 INFO o.a.j.s.SaveService: Testplan (JMX) version: 2.2. Testlog (JTL) version: 2.2
2021-11-23 07:26:54,895 INFO o.a.j.s.SaveService: Using SaveService properties version 5.0
2021-11-23 07:26:54,897 INFO o.a.j.s.SaveService: Using SaveService properties file encoding UTF-8
2021-11-23 07:26:54,900 INFO o.a.j.s.SaveService: Loading file: test-plan-local.jmx
2021-11-23 07:26:54,936 INFO o.a.j.p.h.s.HTTPSamplerBase: Parser for text/html is org.apache.jmeter.protocol.http.parser.LagartoBasedHtmlParser
2021-11-23 07:26:54,936 INFO o.a.j.p.h.s.HTTPSamplerBase: Parser for application/xhtml+xml is org.apache.jmeter.protocol.http.parser.LagartoBasedHtmlParser
2021-11-23 07:26:54,936 INFO o.a.j.p.h.s.HTTPSamplerBase: Parser for application/xml is org.apache.jmeter.protocol.http.parser.LagartoBasedHtmlParser
2021-11-23 07:26:54,936 INFO o.a.j.p.h.s.HTTPSamplerBase: Parser for text/xml is org.apache.jmeter.protocol.http.parser.LagartoBasedHtmlParser
2021-11-23 07:26:54,936 INFO o.a.j.p.h.s.HTTPSamplerBase: Parser for text/vnd.wap.wml is org.apache.jmeter.protocol.http.parser.RegexpHTMLParser
2021-11-23 07:26:54,936 INFO o.a.j.p.h.s.HTTPSamplerBase: Parser for text/css is org.apache.jmeter.protocol.http.parser.CssParser
2021-11-23 07:26:54,954 INFO o.a.j.JMeter: Creating summariser <summary>
2021-11-23 07:26:54,956 INFO o.a.j.r.d.ReportGenerator: ReportGenerator will use for Parsing the separator: ','
2021-11-23 07:26:54,957 INFO o.a.j.r.d.ReportGenerator: Will generate report at end of test from  results file: test-results-local.csv
2021-11-23 07:26:54,957 INFO o.a.j.r.d.ReportGenerator: Reading report generator properties from: C:\Users\pig_j\apache-jmeter-5.4.1\bin\reportgenerator.properties
2021-11-23 07:26:54,957 INFO o.a.j.r.d.ReportGenerator: Merging with JMeter properties
2021-11-23 07:26:54,960 INFO o.a.j.r.c.ReportGeneratorConfiguration: Property 'jmeter.reportgenerator.temp_dir' not found, using default value 'temp' instead.
2021-11-23 07:26:54,962 INFO o.a.j.r.c.ReportGeneratorConfiguration: Property 'jmeter.reportgenerator.apdex_per_transaction' not found, using default value 'null' instead.
2021-11-23 07:26:54,963 INFO o.a.j.r.c.ReportGeneratorConfiguration: apdex_per_transaction is empty, not APDEX per transaction customization
2021-11-23 07:26:54,963 INFO o.a.j.r.c.ReportGeneratorConfiguration: Property 'jmeter.reportgenerator.sample_filter' not found, using default value 'null' instead.
2021-11-23 07:26:54,963 INFO o.a.j.r.c.ReportGeneratorConfiguration: Property 'jmeter.reportgenerator.report_title' not found, using default value 'null' instead.
2021-11-23 07:26:54,963 INFO o.a.j.r.c.ReportGeneratorConfiguration: Property 'jmeter.reportgenerator.start_date' not found, using default value 'null' instead.
2021-11-23 07:26:54,963 INFO o.a.j.r.c.ReportGeneratorConfiguration: Property 'jmeter.reportgenerator.end_date' not found, using default value 'null' instead.
2021-11-23 07:26:54,963 INFO o.a.j.r.c.ReportGeneratorConfiguration: Property 'jmeter.reportgenerator.date_format' not found, using default value 'null' instead.
2021-11-23 07:26:54,963 INFO o.a.j.r.c.ReportGeneratorConfiguration: Will use date range start date: null, end date: null
2021-11-23 07:26:54,966 INFO o.a.j.r.c.ReportGeneratorConfiguration: Property 'jmeter.reportgenerator.graph.totalTPS.exclude_controllers' not found, using default value 'false' instead.
2021-11-23 07:26:54,966 INFO o.a.j.r.c.ReportGeneratorConfiguration: Property 'jmeter.reportgenerator.graph.activeThreadsOverTime.exclude_controllers' not found, using default value 'false' instead.
2021-11-23 07:26:54,966 INFO o.a.j.r.c.ReportGeneratorConfiguration: Property 'jmeter.reportgenerator.graph.timeVsThreads.exclude_controllers' not found, using default value 'false' instead.
2021-11-23 07:26:54,967 INFO o.a.j.r.c.ReportGeneratorConfiguration: Property 'jmeter.reportgenerator.graph.responseTimeDistribution.exclude_controllers' not found, using default value 'false' instead.
2021-11-23 07:26:54,967 INFO o.a.j.r.c.ReportGeneratorConfiguration: Property 'jmeter.reportgenerator.graph.transactionsPerSecond.exclude_controllers' not found, using default value 'false' instead.
2021-11-23 07:26:54,967 INFO o.a.j.r.c.ReportGeneratorConfiguration: Property 'jmeter.reportgenerator.graph.responseTimePercentiles.exclude_controllers' not found, using default value 'false' instead.
2021-11-23 07:26:54,967 INFO o.a.j.r.c.ReportGeneratorConfiguration: Property 'jmeter.reportgenerator.graph.responseTimePercentilesOverTime.exclude_controllers' not found, using default value 'false' instead.
2021-11-23 07:26:54,967 INFO o.a.j.r.c.ReportGeneratorConfiguration: Property 'jmeter.reportgenerator.graph.responseTimesOverTime.exclude_controllers' not found, using default value 'false' instead.
2021-11-23 07:26:54,967 INFO o.a.j.r.c.ReportGeneratorConfiguration: Property 'jmeter.reportgenerator.graph.connectTimeOverTime.exclude_controllers' not found, using default value 'false' instead.
2021-11-23 07:26:54,967 INFO o.a.j.r.c.ReportGeneratorConfiguration: Property 'jmeter.reportgenerator.graph.latenciesOverTime.exclude_controllers' not found, using default value 'false' instead.
2021-11-23 07:26:54,968 INFO o.a.j.r.c.ReportGeneratorConfiguration: Property 'jmeter.reportgenerator.exporter.json.filters_only_sample_series' not found, using default value 'true' instead.
2021-11-23 07:26:54,968 INFO o.a.j.r.c.ReportGeneratorConfiguration: Property 'jmeter.reportgenerator.exporter.json.series_filter' not found, using default value '' instead.
2021-11-23 07:26:54,968 INFO o.a.j.r.c.ReportGeneratorConfiguration: Property 'jmeter.reportgenerator.exporter.json.show_controllers_only' not found, using default value 'false' instead.
2021-11-23 07:26:54,968 INFO o.a.j.r.c.ReportGeneratorConfiguration: Property 'jmeter.reportgenerator.exporter.html.filters_only_sample_series' not found, using default value 'true' instead.
2021-11-23 07:26:54,968 INFO o.a.j.r.c.ReportGeneratorConfiguration: Property 'jmeter.reportgenerator.exporter.html.series_filter' not found, using default value '' instead.
2021-11-23 07:26:54,968 INFO o.a.j.r.c.ReportGeneratorConfiguration: Property 'jmeter.reportgenerator.exporter.html.show_controllers_only' not found, using default value 'false' instead.
2021-11-23 07:26:54,972 INFO o.a.j.e.StandardJMeterEngine: Running the test!
2021-11-23 07:26:54,972 INFO o.a.j.s.SampleEvent: List of sample_variables: []
2021-11-23 07:26:54,972 INFO o.a.j.s.SampleEvent: List of sample_variables: []
2021-11-23 07:26:54,976 INFO o.a.j.e.u.CompoundVariable: Note: Function class names must contain the string: '.functions.'
2021-11-23 07:26:54,976 INFO o.a.j.e.u.CompoundVariable: Note: Function class names must not contain the string: '.gui.'
2021-11-23 07:26:55,013 INFO o.a.j.JMeter: Running test (1637623615012)
2021-11-23 07:26:55,027 INFO o.a.j.e.StandardJMeterEngine: Starting ThreadGroup: 1 : Thread Group
2021-11-23 07:26:55,027 INFO o.a.j.e.StandardJMeterEngine: Starting 100 threads for group Thread Group.
2021-11-23 07:26:55,027 INFO o.a.j.e.StandardJMeterEngine: Thread will continue on error
2021-11-23 07:26:55,027 INFO o.a.j.t.ThreadGroup: Starting thread group... number=1 threads=100 ramp-up=1 delayedStart=false
2021-11-23 07:26:55,032 INFO o.a.j.t.JMeterThread: Thread started: Thread Group 1-1
2021-11-23 07:26:55,040 INFO o.a.j.t.JMeterThread: Thread started: Thread Group 1-2
2021-11-23 07:26:55,046 INFO o.a.j.p.h.s.HTTPHCAbstractImpl: Local host = DESKTOP-6LFRH1Q
2021-11-23 07:26:55,047 INFO o.a.j.t.ThreadGroup: Started thread group number 1
2021-11-23 07:26:55,047 INFO o.a.j.e.StandardJMeterEngine: All thread groups have been started
2021-11-23 07:26:55,050 INFO o.a.j.t.JMeterThread: Thread started: Thread Group 1-3
2021-11-23 07:26:55,050 INFO o.a.j.p.h.s.HTTPHC4Impl: HTTP request retry count = 0
2021-11-23 07:26:55,051 INFO o.a.j.s.SampleResult: Note: Sample TimeStamps are START times
2021-11-23 07:26:55,051 INFO o.a.j.s.SampleResult: sampleresult.default.encoding is set to ISO-8859-1
2021-11-23 07:26:55,051 INFO o.a.j.s.SampleResult: sampleresult.useNanoTime=true
2021-11-23 07:26:55,052 INFO o.a.j.s.SampleResult: sampleresult.nanoThreadSleep=5000
2021-11-23 07:26:55,060 INFO o.a.j.t.JMeterThread: Thread started: Thread Group 1-4
2021-11-23 07:26:55,070 INFO o.a.j.t.JMeterThread: Thread started: Thread Group 1-5
2021-11-23 07:26:55,079 INFO o.a.j.t.JMeterThread: Thread started: Thread Group 1-6
2021-11-23 07:26:55,089 INFO o.a.j.t.JMeterThread: Thread started: Thread Group 1-7
2021-11-23 07:26:55,099 INFO o.a.j.t.JMeterThread: Thread started: Thread Group 1-8
2021-11-23 07:26:55,109 INFO o.a.j.t.JMeterThread: Thread started: Thread Group 1-9
2021-11-23 07:26:55,118 INFO o.a.j.t.JMeterThread: Thread started: Thread Group 1-10
2021-11-23 07:26:55,128 INFO o.a.j.t.JMeterThread: Thread started: Thread Group 1-11
2021-11-23 07:26:55,139 INFO o.a.j.t.JMeterThread: Thread started: Thread Group 1-12
2021-11-23 07:26:55,149 INFO o.a.j.t.JMeterThread: Thread started: Thread Group 1-13
2021-11-23 07:26:55,159 INFO o.a.j.t.JMeterThread: Thread started: Thread Group 1-14
2021-11-23 07:26:55,168 INFO o.a.j.t.JMeterThread: Thread started: Thread Group 1-15
2021-11-23 07:26:55,178 INFO o.a.j.t.JMeterThread: Thread started: Thread Group 1-16
2021-11-23 07:26:55,184 INFO o.a.j.t.JMeterThread: Thread is done: Thread Group 1-6
2021-11-23 07:26:55,184 INFO o.a.j.t.JMeterThread: Thread is done: Thread Group 1-1
2021-11-23 07:26:55,184 INFO o.a.j.t.JMeterThread: Thread is done: Thread Group 1-9
2021-11-23 07:26:55,185 INFO o.a.j.t.JMeterThread: Thread finished: Thread Group 1-6
2021-11-23 07:26:55,184 INFO o.a.j.t.JMeterThread: Thread is done: Thread Group 1-8
2021-11-23 07:26:55,185 INFO o.a.j.t.JMeterThread: Thread finished: Thread Group 1-9
2021-11-23 07:26:55,184 INFO o.a.j.t.JMeterThread: Thread is done: Thread Group 1-10
2021-11-23 07:26:55,185 INFO o.a.j.t.JMeterThread: Thread finished: Thread Group 1-1
2021-11-23 07:26:55,185 INFO o.a.j.t.JMeterThread: Thread finished: Thread Group 1-8
2021-11-23 07:26:55,185 INFO o.a.j.t.JMeterThread: Thread finished: Thread Group 1-10
2021-11-23 07:26:55,188 INFO o.a.j.t.JMeterThread: Thread started: Thread Group 1-17
2021-11-23 07:26:55,198 INFO o.a.j.t.JMeterThread: Thread started: Thread Group 1-18
2021-11-23 07:26:55,200 INFO o.a.j.t.JMeterThread: Thread is done: Thread Group 1-3
2021-11-23 07:26:55,200 INFO o.a.j.t.JMeterThread: Thread is done: Thread Group 1-4
2021-11-23 07:26:55,200 INFO o.a.j.t.JMeterThread: Thread finished: Thread Group 1-3
2021-11-23 07:26:55,200 INFO o.a.j.t.JMeterThread: Thread finished: Thread Group 1-4
2021-11-23 07:26:55,202 INFO o.a.j.t.JMeterThread: Thread is done: Thread Group 1-5
2021-11-23 07:26:55,202 INFO o.a.j.t.JMeterThread: Thread finished: Thread Group 1-5
2021-11-23 07:26:55,204 INFO o.a.j.t.JMeterThread: Thread is done: Thread Group 1-7
2021-11-23 07:26:55,204 INFO o.a.j.t.JMeterThread: Thread finished: Thread Group 1-7
2021-11-23 07:26:55,209 INFO o.a.j.t.JMeterThread: Thread started: Thread Group 1-19
2021-11-23 07:26:55,219 INFO o.a.j.t.JMeterThread: Thread started: Thread Group 1-20
2021-11-23 07:26:55,222 INFO o.a.j.t.JMeterThread: Thread is done: Thread Group 1-2
2021-11-23 07:26:55,222 INFO o.a.j.t.JMeterThread: Thread finished: Thread Group 1-2
2021-11-23 07:26:55,223 INFO o.a.j.t.JMeterThread: Thread is done: Thread Group 1-11
2021-11-23 07:26:55,223 INFO o.a.j.t.JMeterThread: Thread finished: Thread Group 1-11
2021-11-23 07:26:55,223 INFO o.a.j.t.JMeterThread: Thread is done: Thread Group 1-12
2021-11-23 07:26:55,223 INFO o.a.j.t.JMeterThread: Thread finished: Thread Group 1-12
2021-11-23 07:26:55,223 INFO o.a.j.t.JMeterThread: Thread is done: Thread Group 1-13
2021-11-23 07:26:55,224 INFO o.a.j.t.JMeterThread: Thread finished: Thread Group 1-13
2021-11-23 07:26:55,229 INFO o.a.j.t.JMeterThread: Thread started: Thread Group 1-21
2021-11-23 07:26:55,239 INFO o.a.j.t.JMeterThread: Thread started: Thread Group 1-22
2021-11-23 07:26:55,247 INFO o.a.j.t.JMeterThread: Thread is done: Thread Group 1-14
2021-11-23 07:26:55,247 INFO o.a.j.t.JMeterThread: Thread is done: Thread Group 1-15
2021-11-23 07:26:55,247 INFO o.a.j.t.JMeterThread: Thread finished: Thread Group 1-14
2021-11-23 07:26:55,247 INFO o.a.j.t.JMeterThread: Thread finished: Thread Group 1-15
2021-11-23 07:26:55,247 INFO o.a.j.t.JMeterThread: Thread is done: Thread Group 1-16
2021-11-23 07:26:55,247 INFO o.a.j.t.JMeterThread: Thread finished: Thread Group 1-16
2021-11-23 07:26:55,248 INFO o.a.j.t.JMeterThread: Thread is done: Thread Group 1-17
2021-11-23 07:26:55,248 INFO o.a.j.t.JMeterThread: Thread finished: Thread Group 1-17
2021-11-23 07:26:55,248 INFO o.a.j.t.JMeterThread: Thread is done: Thread Group 1-18
2021-11-23 07:26:55,248 INFO o.a.j.t.JMeterThread: Thread finished: Thread Group 1-18
2021-11-23 07:26:55,250 INFO o.a.j.t.JMeterThread: Thread started: Thread Group 1-23
2021-11-23 07:26:55,259 INFO o.a.j.t.JMeterThread: Thread started: Thread Group 1-24
2021-11-23 07:26:55,269 INFO o.a.j.t.JMeterThread: Thread started: Thread Group 1-25
2021-11-23 07:26:55,269 INFO o.a.j.t.JMeterThread: Thread is done: Thread Group 1-20
2021-11-23 07:26:55,269 INFO o.a.j.t.JMeterThread: Thread finished: Thread Group 1-20
2021-11-23 07:26:55,269 INFO o.a.j.t.JMeterThread: Thread is done: Thread Group 1-19
2021-11-23 07:26:55,269 INFO o.a.j.t.JMeterThread: Thread finished: Thread Group 1-19
2021-11-23 07:26:55,270 INFO o.a.j.t.JMeterThread: Thread is done: Thread Group 1-21
2021-11-23 07:26:55,270 INFO o.a.j.t.JMeterThread: Thread finished: Thread Group 1-21
2021-11-23 07:26:55,279 INFO o.a.j.t.JMeterThread: Thread started: Thread Group 1-26
2021-11-23 07:26:55,284 INFO o.a.j.t.JMeterThread: Thread is done: Thread Group 1-22
2021-11-23 07:26:55,284 INFO o.a.j.t.JMeterThread: Thread finished: Thread Group 1-22
2021-11-23 07:26:55,285 INFO o.a.j.t.JMeterThread: Thread is done: Thread Group 1-23
2021-11-23 07:26:55,285 INFO o.a.j.t.JMeterThread: Thread finished: Thread Group 1-23
2021-11-23 07:26:55,289 INFO o.a.j.t.JMeterThread: Thread started: Thread Group 1-27
2021-11-23 07:26:55,300 INFO o.a.j.t.JMeterThread: Thread started: Thread Group 1-28
2021-11-23 07:26:55,308 INFO o.a.j.t.JMeterThread: Thread started: Thread Group 1-29
2021-11-23 07:26:55,316 INFO o.a.j.t.JMeterThread: Thread is done: Thread Group 1-25
2021-11-23 07:26:55,316 INFO o.a.j.t.JMeterThread: Thread finished: Thread Group 1-25
2021-11-23 07:26:55,316 INFO o.a.j.t.JMeterThread: Thread is done: Thread Group 1-24
2021-11-23 07:26:55,317 INFO o.a.j.t.JMeterThread: Thread finished: Thread Group 1-24
2021-11-23 07:26:55,318 INFO o.a.j.t.JMeterThread: Thread is done: Thread Group 1-26
2021-11-23 07:26:55,318 INFO o.a.j.t.JMeterThread: Thread finished: Thread Group 1-26
2021-11-23 07:26:55,321 INFO o.a.j.t.JMeterThread: Thread started: Thread Group 1-30
2021-11-23 07:26:55,329 INFO o.a.j.t.JMeterThread: Thread started: Thread Group 1-31
2021-11-23 07:26:55,333 INFO o.a.j.t.JMeterThread: Thread is done: Thread Group 1-27
2021-11-23 07:26:55,333 INFO o.a.j.t.JMeterThread: Thread finished: Thread Group 1-27
2021-11-23 07:26:55,339 INFO o.a.j.t.JMeterThread: Thread started: Thread Group 1-32
2021-11-23 07:26:55,348 INFO o.a.j.t.JMeterThread: Thread started: Thread Group 1-33
2021-11-23 07:26:55,348 INFO o.a.j.t.JMeterThread: Thread is done: Thread Group 1-28
2021-11-23 07:26:55,348 INFO o.a.j.t.JMeterThread: Thread finished: Thread Group 1-28
2021-11-23 07:26:55,360 INFO o.a.j.t.JMeterThread: Thread started: Thread Group 1-34
2021-11-23 07:26:55,366 INFO o.a.j.t.JMeterThread: Thread is done: Thread Group 1-31
2021-11-23 07:26:55,366 INFO o.a.j.t.JMeterThread: Thread finished: Thread Group 1-31
2021-11-23 07:26:55,366 INFO o.a.j.t.JMeterThread: Thread is done: Thread Group 1-29
2021-11-23 07:26:55,366 INFO o.a.j.t.JMeterThread: Thread finished: Thread Group 1-29
2021-11-23 07:26:55,369 INFO o.a.j.t.JMeterThread: Thread started: Thread Group 1-35
2021-11-23 07:26:55,380 INFO o.a.j.t.JMeterThread: Thread is done: Thread Group 1-30
2021-11-23 07:26:55,380 INFO o.a.j.t.JMeterThread: Thread finished: Thread Group 1-30
2021-11-23 07:26:55,381 INFO o.a.j.t.JMeterThread: Thread started: Thread Group 1-36
2021-11-23 07:26:55,389 INFO o.a.j.t.JMeterThread: Thread started: Thread Group 1-37
2021-11-23 07:26:55,399 INFO o.a.j.t.JMeterThread: Thread started: Thread Group 1-38
2021-11-23 07:26:55,403 INFO o.a.j.t.JMeterThread: Thread is done: Thread Group 1-35
2021-11-23 07:26:55,403 INFO o.a.j.t.JMeterThread: Thread is done: Thread Group 1-32
2021-11-23 07:26:55,403 INFO o.a.j.t.JMeterThread: Thread finished: Thread Group 1-35
2021-11-23 07:26:55,403 INFO o.a.j.t.JMeterThread: Thread finished: Thread Group 1-32
2021-11-23 07:26:55,404 INFO o.a.j.t.JMeterThread: Thread is done: Thread Group 1-34
2021-11-23 07:26:55,404 INFO o.a.j.t.JMeterThread: Thread finished: Thread Group 1-34
2021-11-23 07:26:55,408 INFO o.a.j.t.JMeterThread: Thread is done: Thread Group 1-33
2021-11-23 07:26:55,408 INFO o.a.j.t.JMeterThread: Thread finished: Thread Group 1-33
2021-11-23 07:26:55,409 INFO o.a.j.t.JMeterThread: Thread started: Thread Group 1-39
2021-11-23 07:26:55,419 INFO o.a.j.t.JMeterThread: Thread started: Thread Group 1-40
2021-11-23 07:26:55,423 INFO o.a.j.t.JMeterThread: Thread is done: Thread Group 1-36
2021-11-23 07:26:55,424 INFO o.a.j.t.JMeterThread: Thread finished: Thread Group 1-36
2021-11-23 07:26:55,424 INFO o.a.j.t.JMeterThread: Thread is done: Thread Group 1-37
2021-11-23 07:26:55,424 INFO o.a.j.t.JMeterThread: Thread finished: Thread Group 1-37
2021-11-23 07:26:55,430 INFO o.a.j.t.JMeterThread: Thread started: Thread Group 1-41
2021-11-23 07:26:55,439 INFO o.a.j.t.JMeterThread: Thread is done: Thread Group 1-38
2021-11-23 07:26:55,439 INFO o.a.j.t.JMeterThread: Thread finished: Thread Group 1-38
2021-11-23 07:26:55,441 INFO o.a.j.t.JMeterThread: Thread started: Thread Group 1-42
2021-11-23 07:26:55,449 INFO o.a.j.t.JMeterThread: Thread started: Thread Group 1-43
2021-11-23 07:26:55,455 INFO o.a.j.t.JMeterThread: Thread is done: Thread Group 1-39
2021-11-23 07:26:55,455 INFO o.a.j.t.JMeterThread: Thread finished: Thread Group 1-39
2021-11-23 07:26:55,459 INFO o.a.j.t.JMeterThread: Thread started: Thread Group 1-44
2021-11-23 07:26:55,469 INFO o.a.j.t.JMeterThread: Thread started: Thread Group 1-45
2021-11-23 07:26:55,471 INFO o.a.j.t.JMeterThread: Thread is done: Thread Group 1-40
2021-11-23 07:26:55,471 INFO o.a.j.t.JMeterThread: Thread finished: Thread Group 1-40
2021-11-23 07:26:55,474 INFO o.a.j.t.JMeterThread: Thread is done: Thread Group 1-42
2021-11-23 07:26:55,474 INFO o.a.j.t.JMeterThread: Thread finished: Thread Group 1-42
2021-11-23 07:26:55,475 INFO o.a.j.t.JMeterThread: Thread is done: Thread Group 1-41
2021-11-23 07:26:55,475 INFO o.a.j.t.JMeterThread: Thread finished: Thread Group 1-41
2021-11-23 07:26:55,478 INFO o.a.j.t.JMeterThread: Thread started: Thread Group 1-46
2021-11-23 07:26:55,487 INFO o.a.j.t.JMeterThread: Thread is done: Thread Group 1-43
2021-11-23 07:26:55,488 INFO o.a.j.t.JMeterThread: Thread finished: Thread Group 1-43
2021-11-23 07:26:55,490 INFO o.a.j.t.JMeterThread: Thread started: Thread Group 1-47
2021-11-23 07:26:55,491 INFO o.a.j.t.JMeterThread: Thread is done: Thread Group 1-44
2021-11-23 07:26:55,491 INFO o.a.j.t.JMeterThread: Thread finished: Thread Group 1-44
2021-11-23 07:26:55,500 INFO o.a.j.t.JMeterThread: Thread started: Thread Group 1-48
2021-11-23 07:26:55,504 INFO o.a.j.t.JMeterThread: Thread is done: Thread Group 1-45
2021-11-23 07:26:55,504 INFO o.a.j.t.JMeterThread: Thread finished: Thread Group 1-45
2021-11-23 07:26:55,508 INFO o.a.j.t.JMeterThread: Thread started: Thread Group 1-49
2021-11-23 07:26:55,519 INFO o.a.j.t.JMeterThread: Thread started: Thread Group 1-50
2021-11-23 07:26:55,523 INFO o.a.j.t.JMeterThread: Thread is done: Thread Group 1-47
2021-11-23 07:26:55,523 INFO o.a.j.t.JMeterThread: Thread finished: Thread Group 1-47
2021-11-23 07:26:55,523 INFO o.a.j.t.JMeterThread: Thread is done: Thread Group 1-46
2021-11-23 07:26:55,524 INFO o.a.j.t.JMeterThread: Thread finished: Thread Group 1-46
2021-11-23 07:26:55,530 INFO o.a.j.t.JMeterThread: Thread started: Thread Group 1-51
2021-11-23 07:26:55,538 INFO o.a.j.t.JMeterThread: Thread is done: Thread Group 1-49
2021-11-23 07:26:55,538 INFO o.a.j.t.JMeterThread: Thread finished: Thread Group 1-49
2021-11-23 07:26:55,538 INFO o.a.j.t.JMeterThread: Thread is done: Thread Group 1-48
2021-11-23 07:26:55,539 INFO o.a.j.t.JMeterThread: Thread finished: Thread Group 1-48
2021-11-23 07:26:55,539 INFO o.a.j.t.JMeterThread: Thread started: Thread Group 1-52
2021-11-23 07:26:55,548 INFO o.a.j.t.JMeterThread: Thread started: Thread Group 1-53
2021-11-23 07:26:55,560 INFO o.a.j.t.JMeterThread: Thread started: Thread Group 1-54
2021-11-23 07:26:55,567 INFO o.a.j.t.JMeterThread: Thread is done: Thread Group 1-50
2021-11-23 07:26:55,567 INFO o.a.j.t.JMeterThread: Thread is done: Thread Group 1-51
2021-11-23 07:26:55,567 INFO o.a.j.t.JMeterThread: Thread finished: Thread Group 1-50
2021-11-23 07:26:55,567 INFO o.a.j.t.JMeterThread: Thread finished: Thread Group 1-51
2021-11-23 07:26:55,569 INFO o.a.j.t.JMeterThread: Thread started: Thread Group 1-55
2021-11-23 07:26:55,570 INFO o.a.j.t.JMeterThread: Thread is done: Thread Group 1-52
2021-11-23 07:26:55,570 INFO o.a.j.t.JMeterThread: Thread finished: Thread Group 1-52
2021-11-23 07:26:55,580 INFO o.a.j.t.JMeterThread: Thread started: Thread Group 1-56
2021-11-23 07:26:55,589 INFO o.a.j.t.JMeterThread: Thread started: Thread Group 1-57
2021-11-23 07:26:55,598 INFO o.a.j.t.JMeterThread: Thread started: Thread Group 1-58
2021-11-23 07:26:55,599 INFO o.a.j.t.JMeterThread: Thread is done: Thread Group 1-53
2021-11-23 07:26:55,599 INFO o.a.j.t.JMeterThread: Thread finished: Thread Group 1-53
2021-11-23 07:26:55,602 INFO o.a.j.t.JMeterThread: Thread is done: Thread Group 1-55
2021-11-23 07:26:55,602 INFO o.a.j.t.JMeterThread: Thread finished: Thread Group 1-55
2021-11-23 07:26:55,610 INFO o.a.j.t.JMeterThread: Thread started: Thread Group 1-59
2021-11-23 07:26:55,618 INFO o.a.j.t.JMeterThread: Thread is done: Thread Group 1-54
2021-11-23 07:26:55,618 INFO o.a.j.t.JMeterThread: Thread finished: Thread Group 1-54
2021-11-23 07:26:55,619 INFO o.a.j.t.JMeterThread: Thread started: Thread Group 1-60
2021-11-23 07:26:55,620 INFO o.a.j.t.JMeterThread: Thread is done: Thread Group 1-57
2021-11-23 07:26:55,620 INFO o.a.j.t.JMeterThread: Thread finished: Thread Group 1-57
2021-11-23 07:26:55,631 INFO o.a.j.t.JMeterThread: Thread started: Thread Group 1-61
2021-11-23 07:26:55,634 INFO o.a.j.t.JMeterThread: Thread is done: Thread Group 1-56
2021-11-23 07:26:55,635 INFO o.a.j.t.JMeterThread: Thread finished: Thread Group 1-56
2021-11-23 07:26:55,635 INFO o.a.j.t.JMeterThread: Thread is done: Thread Group 1-58
2021-11-23 07:26:55,635 INFO o.a.j.t.JMeterThread: Thread finished: Thread Group 1-58
2021-11-23 07:26:55,639 INFO o.a.j.t.JMeterThread: Thread started: Thread Group 1-62
2021-11-23 07:26:55,650 INFO o.a.j.t.JMeterThread: Thread started: Thread Group 1-63
2021-11-23 07:26:55,653 INFO o.a.j.t.JMeterThread: Thread is done: Thread Group 1-59
2021-11-23 07:26:55,653 INFO o.a.j.t.JMeterThread: Thread finished: Thread Group 1-59
2021-11-23 07:26:55,653 INFO o.a.j.t.JMeterThread: Thread is done: Thread Group 1-60
2021-11-23 07:26:55,653 INFO o.a.j.t.JMeterThread: Thread finished: Thread Group 1-60
2021-11-23 07:26:55,660 INFO o.a.j.t.JMeterThread: Thread started: Thread Group 1-64
2021-11-23 07:26:55,668 INFO o.a.j.t.JMeterThread: Thread started: Thread Group 1-65
2021-11-23 07:26:55,676 INFO o.a.j.t.JMeterThread: Thread is done: Thread Group 1-62
2021-11-23 07:26:55,676 INFO o.a.j.t.JMeterThread: Thread finished: Thread Group 1-62
2021-11-23 07:26:55,678 INFO o.a.j.t.JMeterThread: Thread is done: Thread Group 1-61
2021-11-23 07:26:55,678 INFO o.a.j.t.JMeterThread: Thread finished: Thread Group 1-61
2021-11-23 07:26:55,679 INFO o.a.j.t.JMeterThread: Thread started: Thread Group 1-66
2021-11-23 07:26:55,689 INFO o.a.j.t.JMeterThread: Thread started: Thread Group 1-67
2021-11-23 07:26:55,691 INFO o.a.j.t.JMeterThread: Thread is done: Thread Group 1-63
2021-11-23 07:26:55,691 INFO o.a.j.t.JMeterThread: Thread finished: Thread Group 1-63
2021-11-23 07:26:55,692 INFO o.a.j.t.JMeterThread: Thread is done: Thread Group 1-64
2021-11-23 07:26:55,692 INFO o.a.j.t.JMeterThread: Thread finished: Thread Group 1-64
2021-11-23 07:26:55,698 INFO o.a.j.t.JMeterThread: Thread started: Thread Group 1-68
2021-11-23 07:26:55,708 INFO o.a.j.t.JMeterThread: Thread started: Thread Group 1-69
2021-11-23 07:26:55,718 INFO o.a.j.t.JMeterThread: Thread started: Thread Group 1-70
2021-11-23 07:26:55,720 INFO o.a.j.t.JMeterThread: Thread is done: Thread Group 1-65
2021-11-23 07:26:55,720 INFO o.a.j.t.JMeterThread: Thread finished: Thread Group 1-65
2021-11-23 07:26:55,721 INFO o.a.j.t.JMeterThread: Thread is done: Thread Group 1-66
2021-11-23 07:26:55,721 INFO o.a.j.t.JMeterThread: Thread finished: Thread Group 1-66
2021-11-23 07:26:55,728 INFO o.a.j.t.JMeterThread: Thread started: Thread Group 1-71
2021-11-23 07:26:55,738 INFO o.a.j.t.JMeterThread: Thread started: Thread Group 1-72
2021-11-23 07:26:55,738 INFO o.a.j.t.JMeterThread: Thread is done: Thread Group 1-67
2021-11-23 07:26:55,738 INFO o.a.j.t.JMeterThread: Thread is done: Thread Group 1-68
2021-11-23 07:26:55,738 INFO o.a.j.t.JMeterThread: Thread finished: Thread Group 1-67
2021-11-23 07:26:55,738 INFO o.a.j.t.JMeterThread: Thread finished: Thread Group 1-68
2021-11-23 07:26:55,739 INFO o.a.j.t.JMeterThread: Thread is done: Thread Group 1-69
2021-11-23 07:26:55,739 INFO o.a.j.t.JMeterThread: Thread finished: Thread Group 1-69
2021-11-23 07:26:55,749 INFO o.a.j.t.JMeterThread: Thread started: Thread Group 1-73
2021-11-23 07:26:55,759 INFO o.a.j.t.JMeterThread: Thread started: Thread Group 1-74
2021-11-23 07:26:55,761 INFO o.a.j.t.JMeterThread: Thread is done: Thread Group 1-71
2021-11-23 07:26:55,761 INFO o.a.j.t.JMeterThread: Thread finished: Thread Group 1-71
2021-11-23 07:26:55,764 INFO o.a.j.t.JMeterThread: Thread is done: Thread Group 1-70
2021-11-23 07:26:55,764 INFO o.a.j.t.JMeterThread: Thread finished: Thread Group 1-70
2021-11-23 07:26:55,769 INFO o.a.j.t.JMeterThread: Thread started: Thread Group 1-75
2021-11-23 07:26:55,778 INFO o.a.j.t.JMeterThread: Thread started: Thread Group 1-76
2021-11-23 07:26:55,780 INFO o.a.j.t.JMeterThread: Thread is done: Thread Group 1-72
2021-11-23 07:26:55,780 INFO o.a.j.t.JMeterThread: Thread finished: Thread Group 1-72
2021-11-23 07:26:55,788 INFO o.a.j.t.JMeterThread: Thread started: Thread Group 1-77
2021-11-23 07:26:55,798 INFO o.a.j.t.JMeterThread: Thread started: Thread Group 1-78
2021-11-23 07:26:55,801 INFO o.a.j.t.JMeterThread: Thread is done: Thread Group 1-74
2021-11-23 07:26:55,801 INFO o.a.j.t.JMeterThread: Thread finished: Thread Group 1-74
2021-11-23 07:26:55,802 INFO o.a.j.t.JMeterThread: Thread is done: Thread Group 1-73
2021-11-23 07:26:55,802 INFO o.a.j.t.JMeterThread: Thread finished: Thread Group 1-73
2021-11-23 07:26:55,810 INFO o.a.j.t.JMeterThread: Thread started: Thread Group 1-79
2021-11-23 07:26:55,815 INFO o.a.j.t.JMeterThread: Thread is done: Thread Group 1-76
2021-11-23 07:26:55,815 INFO o.a.j.t.JMeterThread: Thread finished: Thread Group 1-76
2021-11-23 07:26:55,816 INFO o.a.j.t.JMeterThread: Thread is done: Thread Group 1-75
2021-11-23 07:26:55,816 INFO o.a.j.t.JMeterThread: Thread finished: Thread Group 1-75
2021-11-23 07:26:55,819 INFO o.a.j.t.JMeterThread: Thread started: Thread Group 1-80
2021-11-23 07:26:55,829 INFO o.a.j.t.JMeterThread: Thread started: Thread Group 1-81
2021-11-23 07:26:55,839 INFO o.a.j.t.JMeterThread: Thread started: Thread Group 1-82
2021-11-23 07:26:55,840 INFO o.a.j.t.JMeterThread: Thread is done: Thread Group 1-78
2021-11-23 07:26:55,840 INFO o.a.j.t.JMeterThread: Thread finished: Thread Group 1-78
2021-11-23 07:26:55,842 INFO o.a.j.t.JMeterThread: Thread is done: Thread Group 1-77
2021-11-23 07:26:55,842 INFO o.a.j.t.JMeterThread: Thread finished: Thread Group 1-77
2021-11-23 07:26:55,848 INFO o.a.j.t.JMeterThread: Thread started: Thread Group 1-83
2021-11-23 07:26:55,858 INFO o.a.j.t.JMeterThread: Thread started: Thread Group 1-84
2021-11-23 07:26:55,862 INFO o.a.j.t.JMeterThread: Thread is done: Thread Group 1-79
2021-11-23 07:26:55,863 INFO o.a.j.t.JMeterThread: Thread finished: Thread Group 1-79
2021-11-23 07:26:55,863 INFO o.a.j.t.JMeterThread: Thread is done: Thread Group 1-80
2021-11-23 07:26:55,863 INFO o.a.j.t.JMeterThread: Thread finished: Thread Group 1-80
2021-11-23 07:26:55,868 INFO o.a.j.t.JMeterThread: Thread started: Thread Group 1-85
2021-11-23 07:26:55,878 INFO o.a.j.t.JMeterThread: Thread started: Thread Group 1-86
2021-11-23 07:26:55,878 INFO o.a.j.t.JMeterThread: Thread is done: Thread Group 1-81
2021-11-23 07:26:55,878 INFO o.a.j.t.JMeterThread: Thread finished: Thread Group 1-81
2021-11-23 07:26:55,880 INFO o.a.j.t.JMeterThread: Thread is done: Thread Group 1-83
2021-11-23 07:26:55,880 INFO o.a.j.t.JMeterThread: Thread finished: Thread Group 1-83
2021-11-23 07:26:55,888 INFO o.a.j.t.JMeterThread: Thread started: Thread Group 1-87
2021-11-23 07:26:55,896 INFO o.a.j.t.JMeterThread: Thread is done: Thread Group 1-82
2021-11-23 07:26:55,896 INFO o.a.j.t.JMeterThread: Thread finished: Thread Group 1-82
2021-11-23 07:26:55,896 INFO o.a.j.t.JMeterThread: Thread is done: Thread Group 1-84
2021-11-23 07:26:55,896 INFO o.a.j.t.JMeterThread: Thread finished: Thread Group 1-84
2021-11-23 07:26:55,900 INFO o.a.j.t.JMeterThread: Thread started: Thread Group 1-88
2021-11-23 07:26:55,909 INFO o.a.j.t.JMeterThread: Thread started: Thread Group 1-89
2021-11-23 07:26:55,918 INFO o.a.j.t.JMeterThread: Thread is done: Thread Group 1-85
2021-11-23 07:26:55,918 INFO o.a.j.t.JMeterThread: Thread finished: Thread Group 1-85
2021-11-23 07:26:55,919 INFO o.a.j.t.JMeterThread: Thread started: Thread Group 1-90
2021-11-23 07:26:55,928 INFO o.a.j.t.JMeterThread: Thread started: Thread Group 1-91
2021-11-23 07:26:55,938 INFO o.a.j.t.JMeterThread: Thread started: Thread Group 1-92
2021-11-23 07:26:55,948 INFO o.a.j.t.JMeterThread: Thread started: Thread Group 1-93
2021-11-23 07:26:55,951 INFO o.a.j.t.JMeterThread: Thread is done: Thread Group 1-87
2021-11-23 07:26:55,951 INFO o.a.j.t.JMeterThread: Thread finished: Thread Group 1-87
2021-11-23 07:26:55,957 INFO o.a.j.t.JMeterThread: Thread is done: Thread Group 1-86
2021-11-23 07:26:55,957 INFO o.a.j.t.JMeterThread: Thread finished: Thread Group 1-86
2021-11-23 07:26:55,959 INFO o.a.j.t.JMeterThread: Thread started: Thread Group 1-94
2021-11-23 07:26:55,969 INFO o.a.j.t.JMeterThread: Thread started: Thread Group 1-95
2021-11-23 07:26:55,970 INFO o.a.j.t.JMeterThread: Thread is done: Thread Group 1-89
2021-11-23 07:26:55,970 INFO o.a.j.t.JMeterThread: Thread finished: Thread Group 1-89
2021-11-23 07:26:55,972 INFO o.a.j.t.JMeterThread: Thread is done: Thread Group 1-88
2021-11-23 07:26:55,972 INFO o.a.j.t.JMeterThread: Thread finished: Thread Group 1-88
2021-11-23 07:26:55,980 INFO o.a.j.t.JMeterThread: Thread started: Thread Group 1-96
2021-11-23 07:26:55,989 INFO o.a.j.t.JMeterThread: Thread started: Thread Group 1-97
2021-11-23 07:26:55,993 INFO o.a.j.t.JMeterThread: Thread is done: Thread Group 1-91
2021-11-23 07:26:55,993 INFO o.a.j.t.JMeterThread: Thread finished: Thread Group 1-91
2021-11-23 07:26:55,993 INFO o.a.j.t.JMeterThread: Thread is done: Thread Group 1-90
2021-11-23 07:26:55,993 INFO o.a.j.t.JMeterThread: Thread finished: Thread Group 1-90
2021-11-23 07:26:55,993 INFO o.a.j.t.JMeterThread: Thread is done: Thread Group 1-94
2021-11-23 07:26:55,993 INFO o.a.j.t.JMeterThread: Thread finished: Thread Group 1-94
2021-11-23 07:26:55,993 INFO o.a.j.t.JMeterThread: Thread is done: Thread Group 1-92
2021-11-23 07:26:55,993 INFO o.a.j.t.JMeterThread: Thread finished: Thread Group 1-92
2021-11-23 07:26:55,998 INFO o.a.j.t.JMeterThread: Thread is done: Thread Group 1-93
2021-11-23 07:26:55,998 INFO o.a.j.t.JMeterThread: Thread finished: Thread Group 1-93
2021-11-23 07:26:55,998 INFO o.a.j.t.JMeterThread: Thread started: Thread Group 1-98
2021-11-23 07:26:56,011 INFO o.a.j.t.JMeterThread: Thread started: Thread Group 1-99
2021-11-23 07:26:56,016 INFO o.a.j.t.JMeterThread: Thread is done: Thread Group 1-96
2021-11-23 07:26:56,016 INFO o.a.j.t.JMeterThread: Thread finished: Thread Group 1-96
2021-11-23 07:26:56,018 INFO o.a.j.t.JMeterThread: Thread started: Thread Group 1-100
2021-11-23 07:26:56,033 INFO o.a.j.t.JMeterThread: Thread is done: Thread Group 1-95
2021-11-23 07:26:56,033 INFO o.a.j.t.JMeterThread: Thread finished: Thread Group 1-95
2021-11-23 07:26:56,035 INFO o.a.j.t.JMeterThread: Thread is done: Thread Group 1-97
2021-11-23 07:26:56,035 INFO o.a.j.t.JMeterThread: Thread finished: Thread Group 1-97
2021-11-23 07:26:56,038 INFO o.a.j.t.JMeterThread: Thread is done: Thread Group 1-98
2021-11-23 07:26:56,039 INFO o.a.j.t.JMeterThread: Thread finished: Thread Group 1-98
2021-11-23 07:26:56,054 INFO o.a.j.t.JMeterThread: Thread is done: Thread Group 1-100
2021-11-23 07:26:56,054 INFO o.a.j.t.JMeterThread: Thread finished: Thread Group 1-100
2021-11-23 07:26:56,056 INFO o.a.j.t.JMeterThread: Thread is done: Thread Group 1-99
2021-11-23 07:26:56,056 INFO o.a.j.t.JMeterThread: Thread finished: Thread Group 1-99
2021-11-23 07:26:56,056 INFO o.a.j.e.StandardJMeterEngine: Notifying test listeners of end of test
2021-11-23 07:26:56,057 INFO o.a.j.r.Summariser: summary =    100 in 00:00:01 =   95.8/s Avg:    51 Min:    30 Max:   119 Err:     0 (0.00%)
2021-11-23 07:26:56,058 INFO o.a.j.JMeter: Generating Dashboard
2021-11-23 07:26:56,058 INFO o.a.j.r.d.ReportGenerator: Flushing result collector before report Generation
2021-11-23 07:26:56,065 INFO o.a.j.r.p.NormalizerSampleConsumer: Using format, 'ms', to parse timeStamp field
2021-11-23 07:26:56,137 INFO o.a.j.r.p.AbstractSampleConsumer: class org.apache.jmeter.report.processor.AggregateConsumer#stopProducing(): beginDate produced 0 samples
2021-11-23 07:26:56,138 INFO o.a.j.r.p.AbstractSampleConsumer: class org.apache.jmeter.report.processor.AggregateConsumer#stopProducing(): endDate produced 0 samples
2021-11-23 07:26:56,140 INFO o.a.j.r.p.AbstractSampleConsumer: class org.apache.jmeter.report.processor.ApdexSummaryConsumer#stopProducing(): apdexSummary produced 0 samples
2021-11-23 07:26:56,142 INFO o.a.j.r.p.AbstractSampleConsumer: class org.apache.jmeter.report.processor.RequestsSummaryConsumer#stopProducing(): requestsSummary produced 0 samples
2021-11-23 07:26:56,145 INFO o.a.j.r.p.AbstractSampleConsumer: class org.apache.jmeter.report.processor.StatisticsSummaryConsumer#stopProducing(): statisticsSummary produced 0 samples
2021-11-23 07:26:56,148 INFO o.a.j.r.p.AbstractSampleConsumer: class org.apache.jmeter.report.processor.Top5ErrorsBySamplerConsumer#stopProducing(): top5ErrorsBySampler produced 0 samples
2021-11-23 07:26:56,148 INFO o.a.j.r.p.AbstractSampleConsumer: class org.apache.jmeter.report.processor.ErrorsSummaryConsumer#stopProducing(): errorsSummary produced 0 samples
2021-11-23 07:26:56,148 INFO o.a.j.r.p.AbstractSampleConsumer: class org.apache.jmeter.report.processor.graph.impl.HitsPerSecondGraphConsumer#stopProducing(): hitsPerSecond produced 0 samples
2021-11-23 07:26:56,157 INFO o.a.j.r.p.AbstractSampleConsumer: class org.apache.jmeter.report.processor.graph.impl.LatencyVSRequestGraphConsumer#stopProducing(): latencyVsRequest produced 0 samples
2021-11-23 07:26:56,158 INFO o.a.j.r.p.AbstractSampleConsumer: class org.apache.jmeter.report.processor.graph.impl.SyntheticResponseTimeDistributionGraphConsumer#stopProducing(): syntheticResponseTimeDistribution produced 0 samples
2021-11-23 07:26:56,158 INFO o.a.j.r.p.AbstractSampleConsumer: class org.apache.jmeter.report.processor.graph.impl.BytesThroughputGraphConsumer#stopProducing(): bytesThroughputOverTime produced 0 samples
2021-11-23 07:26:56,158 INFO o.a.j.r.p.AbstractSampleConsumer: class org.apache.jmeter.report.processor.graph.impl.CodesPerSecondGraphConsumer#stopProducing(): codesPerSecond produced 0 samples
2021-11-23 07:26:56,163 INFO o.a.j.r.p.AbstractSampleConsumer: class org.apache.jmeter.report.processor.graph.impl.ResponseTimeVSRequestGraphConsumer#stopProducing(): responseTimeVsRequest produced 0 samples
2021-11-23 07:26:56,163 INFO o.a.j.r.p.AbstractSampleConsumer: class org.apache.jmeter.report.processor.FilterConsumer#stopProducing(): startIntervalControlerFilter produced 700 samples
2021-11-23 07:26:56,163 INFO o.a.j.r.p.AbstractSampleConsumer: class org.apache.jmeter.report.processor.graph.impl.TotalTPSGraphConsumer#stopProducing(): totalTPS produced 0 samples
2021-11-23 07:26:56,163 INFO o.a.j.r.p.AbstractSampleConsumer: class org.apache.jmeter.report.processor.graph.impl.ActiveThreadsGraphConsumer#stopProducing(): activeThreadsOverTime produced 0 samples
2021-11-23 07:26:56,163 INFO o.a.j.r.p.AbstractSampleConsumer: class org.apache.jmeter.report.processor.graph.impl.TimeVSThreadGraphConsumer#stopProducing(): timeVsThreads produced 0 samples
2021-11-23 07:26:56,163 INFO o.a.j.r.p.AbstractSampleConsumer: class org.apache.jmeter.report.processor.graph.impl.ResponseTimeDistributionGraphConsumer#stopProducing(): responseTimeDistribution produced 0 samples
2021-11-23 07:26:56,163 INFO o.a.j.r.p.AbstractSampleConsumer: class org.apache.jmeter.report.processor.graph.impl.TransactionsPerSecondGraphConsumer#stopProducing(): transactionsPerSecond produced 0 samples
2021-11-23 07:26:56,163 INFO o.a.j.r.p.AbstractSampleConsumer: class org.apache.jmeter.report.processor.graph.impl.ResponseTimePercentilesGraphConsumer#stopProducing(): responseTimePercentiles produced 0 samples
2021-11-23 07:26:56,163 INFO o.a.j.r.p.AbstractSampleConsumer: class org.apache.jmeter.report.processor.graph.impl.ResponseTimePercentilesOverTimeGraphConsumer#stopProducing(): responseTimePercentilesOverTime produced 0 samples
2021-11-23 07:26:56,164 INFO o.a.j.r.p.AbstractSampleConsumer: class org.apache.jmeter.report.processor.graph.impl.ResponseTimeOverTimeGraphConsumer#stopProducing(): responseTimesOverTime produced 0 samples
2021-11-23 07:26:56,164 INFO o.a.j.r.p.AbstractSampleConsumer: class org.apache.jmeter.report.processor.graph.impl.ConnectTimeOverTimeGraphConsumer#stopProducing(): connectTimeOverTime produced 0 samples
2021-11-23 07:26:56,164 INFO o.a.j.r.p.AbstractSampleConsumer: class org.apache.jmeter.report.processor.graph.impl.LatencyOverTimeGraphConsumer#stopProducing(): latenciesOverTime produced 0 samples
2021-11-23 07:26:56,164 INFO o.a.j.r.p.AbstractSampleConsumer: class org.apache.jmeter.report.processor.FilterConsumer#stopProducing(): nameFilter produced 1500 samples
2021-11-23 07:26:56,164 INFO o.a.j.r.p.AbstractSampleConsumer: class org.apache.jmeter.report.processor.FilterConsumer#stopProducing(): dateRangeFilter produced 300 samples
2021-11-23 07:26:56,164 INFO o.a.j.r.p.AbstractSampleConsumer: class org.apache.jmeter.report.processor.NormalizerSampleConsumer#stopProducing(): normalizer produced 100 samples
2021-11-23 07:26:56,164 INFO o.a.j.r.p.CsvFileSampleSource: produce(): 100 samples produced in 84ms on channel 0
2021-11-23 07:26:56,164 INFO o.a.j.r.d.ReportGenerator: Exporting data using exporter:'json' of className:'org.apache.jmeter.report.dashboard.JsonExporter'
2021-11-23 07:26:56,236 INFO o.a.j.r.d.JsonExporter: Found data for consumer statisticsSummary in context
2021-11-23 07:26:56,236 INFO o.a.j.r.d.JsonExporter: Creating statistics for overall
2021-11-23 07:26:56,237 INFO o.a.j.r.d.JsonExporter: Creating statistics for other transactions
2021-11-23 07:26:56,237 INFO o.a.j.r.d.JsonExporter: Checking output folder
2021-11-23 07:26:56,237 INFO o.a.j.r.d.JsonExporter: Writing statistics JSON to C:\Users\pig_j\OneDrive\Documents\GitHub\ict3102-Team17-2021\flask_app\env\report-folder-local\statistics.json
2021-11-23 07:26:56,260 INFO o.a.j.r.d.ReportGenerator: Exporting data using exporter:'html' of className:'org.apache.jmeter.report.dashboard.HtmlTemplateExporter'
2021-11-23 07:26:56,262 INFO o.a.j.r.d.HtmlTemplateExporter: Will generate dashboard in folder: C:\Users\pig_j\OneDrive\Documents\GitHub\ict3102-Team17-2021\flask_app\env\report-folder-local
2021-11-23 07:26:56,328 INFO o.a.j.r.d.HtmlTemplateExporter: Report will be generated in: C:\Users\pig_j\OneDrive\Documents\GitHub\ict3102-Team17-2021\flask_app\env\report-folder-local, creating folder structure
2021-11-23 07:26:56,331 INFO o.a.j.r.d.TemplateVisitor: Copying folder from 'C:\Users\pig_j\apache-jmeter-5.4.1\bin\report-template' to 'C:\Users\pig_j\OneDrive\Documents\GitHub\ict3102-Team17-2021\flask_app\env\report-folder-local', got message: C:\Users\pig_j\OneDrive\Documents\GitHub\ict3102-Team17-2021\flask_app\env\report-folder-local, found non empty folder with following content [C:\Users\pig_j\OneDrive\Documents\GitHub\ict3102-Team17-2021\flask_app\env\report-folder-local\statistics.json], will be ignored
2021-11-23 07:26:56,616 INFO o.a.j.JMeter: Dashboard generated
